<?xml version="1.0" encoding="UTF-8"?>
<!-- Generated by org.testng.reporters.JUnitReportReporter -->
<testsuite hostname="DESKTOP-IODLSC9" failures="0" tests="2" name="testCases.AnnoationsPractice" time="0.011" errors="0" timestamp="2024-05-07T21:04:11 IST" skipped="0">
  <testcase classname="testCases.AnnoationsPractice" name="z1" time="0.002"/>
  <system-out/>
  <testcase classname="testCases.AnnoationsPractice" name="m1" time="0.009"/>
  <system-out/>
</testsuite> <!-- testCases.AnnoationsPractice -->
