<?xml version="1.0" encoding="UTF-8"?>
<!-- Generated by org.testng.reporters.JUnitReportReporter -->
<testsuite hostname="DESKTOP-IODLSC9" failures="0" tests="1" name="testCases.CapturingScreenshot" time="23.203" errors="0" timestamp="2024-05-14T20:56:21 IST" skipped="0">
  <testcase classname="testCases.CapturingScreenshot" name="screenshot" time="23.203"/>
  <system-out/>
</testsuite> <!-- testCases.CapturingScreenshot -->
