<?xml version="1.0" encoding="UTF-8"?>
<!-- Generated by org.testng.reporters.JUnitReportReporter -->
<testsuite hostname="DESKTOP-IODLSC9" failures="0" tests="1" name="practice.HW" time="20.483" errors="0" timestamp="2024-05-19T19:47:00 IST" skipped="0">
  <testcase classname="practice.HW" name="handlingWindows" time="20.483"/>
  <system-out/>
</testsuite> <!-- practice.HW -->
