<?xml version="1.0" encoding="UTF-8"?>
<!-- Generated by org.testng.reporters.JUnitReportReporter -->
<testsuite hostname="DESKTOP-IODLSC9" failures="0" tests="1" name="testCases.HandlingWindows" time="20.417" errors="0" timestamp="2024-05-20T07:51:59 IST" skipped="0">
  <testcase classname="testCases.HandlingWindows" name="handlingWindow" time="20.417"/>
  <system-out/>
</testsuite> <!-- testCases.HandlingWindows -->
