<?xml version="1.0" encoding="UTF-8"?>
<!-- Generated by org.testng.reporters.JUnitReportReporter -->
<testsuite hostname="DESKTOP-IODLSC9" failures="0" tests="1" name="com.personalDetails.www.EmployeeContactDetailsEditable" time="28.575" errors="0" timestamp="2024-05-10T21:25:53 IST" skipped="0">
  <testcase classname="com.personalDetails.www.EmployeeContactDetailsEditable" name="verifyFieldsEditable" time="28.575"/>
  <system-out/>
</testsuite> <!-- com.personalDetails.www.EmployeeContactDetailsEditable -->
