<?xml version="1.0" encoding="UTF-8"?>
<!-- Generated by org.testng.reporters.JUnitReportReporter -->
<testsuite hostname="DESKTOP-IODLSC9" failures="0" tests="1" name="testCases.VerifyLogin" time="38.941" errors="0" timestamp="2024-05-14T17:37:44 IST" skipped="0">
  <testcase classname="testCases.VerifyLogin" name="verifyLoginButton" time="38.941"/>
  <system-out/>
</testsuite> <!-- testCases.VerifyLogin -->
