<?xml version="1.0" encoding="UTF-8"?>
<!-- Generated by org.testng.reporters.JUnitReportReporter -->
<testsuite hostname="DESKTOP-IODLSC9" failures="0" tests="2" name="testCases.A" time="0.028" errors="0" timestamp="2024-05-07T21:04:11 IST" skipped="0">
  <testcase classname="testCases.A" name="launchBrowser" time="0.012"/>
  <system-out/>
  <testcase classname="testCases.A" name="enterUrl" time="0.016"/>
  <system-out/>
</testsuite> <!-- testCases.A -->
