<?xml version="1.0" encoding="UTF-8"?>
<!-- Generated by org.testng.reporters.JUnitReportReporter -->
<testsuite hostname="DESKTOP-IODLSC9" failures="0" tests="1" name="testCases.HandlingExcelSheet" time="57.116" errors="0" timestamp="2024-05-14T20:41:24 IST" skipped="0">
  <testcase classname="testCases.HandlingExcelSheet" name="fetchingDataFromExcel" time="57.116"/>
  <system-out/>
</testsuite> <!-- testCases.HandlingExcelSheet -->
