<?xml version="1.0" encoding="UTF-8"?>
<!-- Generated by org.testng.reporters.JUnitReportReporter -->
<testsuite hostname="DESKTOP-IODLSC9" failures="0" tests="1" name="practice.CS" time="37.619" errors="0" timestamp="2024-05-14T17:51:27 IST" skipped="0">
  <testcase classname="practice.CS" name="capturingSc" time="37.619"/>
  <system-out/>
</testsuite> <!-- practice.CS -->
