<?xml version="1.0" encoding="UTF-8"?>
<!-- Generated by org.testng.reporters.JUnitReportReporter -->
<testsuite hostname="DESKTOP-IODLSC9" failures="0" tests="2" name="testCases.SettingPriorities" time="0.020" errors="0" timestamp="2024-05-08T07:36:15 IST" skipped="0">
  <testcase classname="testCases.SettingPriorities" name="driverInitialize" time="0.018"/>
  <system-out/>
  <testcase classname="testCases.SettingPriorities" name="enterURL" time="0.002"/>
  <system-out/>
</testsuite> <!-- testCases.SettingPriorities -->
